[0m2021.10.20 11:53:01 INFO  Started: Metals version 0.10.7 in workspace 'D:\Studia\Magisterskie\II semestr\Big Data Algorithms\Laboratorium\Lab0_1' for client Visual Studio Code 1.61.1.[0m
[0m2021.10.20 11:53:03 INFO  time: initialize in 1.62s[0m
[0m2021.10.20 11:53:03 WARN  Build server is not auto-connectable.[0m
[0m2021.10.20 11:53:03 WARN  no build target for: D:\Studia\Magisterskie\II semestr\Big Data Algorithms\Laboratorium\Lab0_1\build.sbt[0m
[0m2021.10.20 11:53:08 INFO  no build target: using presentation compiler with only scala-library: 2.12.15[0m
[0m2021.10.20 11:53:10 INFO  time: code lens generation in 5.49s[0m
[0m2021.10.20 11:58:28 INFO  running 'C:\Users\mateu\.jabba\jdk\adopt@1.11.0-11\bin\java -Djline.terminal=jline.UnsupportedTerminal -Dsbt.log.noformat=true -Dfile.encoding=UTF-8 -jar C:\Users\mateu\AppData\Local\Temp\metals8690751917462596027\sbt-launch.jar -Dbloop.export-jar-classifiers=sources bloopInstall'[0m
[0m2021.10.20 11:58:30 INFO  running 'C:\Users\mateu\.jabba\jdk\adopt@1.11.0-11\bin\java -Djline.terminal=jline.UnsupportedTerminal -Dsbt.log.noformat=true -Dfile.encoding=UTF-8 -jar C:\Users\mateu\AppData\Local\Temp\metals12502144083253123892\sbt-launch.jar -Dbloop.export-jar-classifiers=sources bloopInstall'[0m
[0m2021.10.20 11:58:30 INFO  running 'C:\Users\mateu\.jabba\jdk\adopt@1.11.0-11\bin\java -Djline.terminal=jline.UnsupportedTerminal -Dsbt.log.noformat=true -Dfile.encoding=UTF-8 -jar C:\Users\mateu\AppData\Local\Temp\metals12379058763098425008\sbt-launch.jar -Dbloop.export-jar-classifiers=sources bloopInstall'[0m
[0m2021.10.20 11:58:30 INFO  [info] welcome to sbt 1.5.5 (AdoptOpenJDK Java 11.0.11)[0m
[0m2021.10.20 11:58:30 ERROR [info] waiting for lock on C:\Users\mateu\.sbt\boot\sbt.boot.lock to be available...[0m
[0m2021.10.20 11:58:33 INFO  time: ran 'sbt bloopInstall' in 3.85s[0m
[0m2021.10.20 11:58:33 ERROR sbt command failed: C:\Users\mateu\.jabba\jdk\adopt@1.11.0-11\bin\java -Djline.terminal=jline.UnsupportedTerminal -Dsbt.log.noformat=true -Dfile.encoding=UTF-8 -jar C:\Users\mateu\AppData\Local\Temp\metals12502144083253123892\sbt-launch.jar -Dbloop.export-jar-classifiers=sources bloopInstall[0m
[0m2021.10.20 11:58:33 INFO  time: ran 'sbt bloopInstall' in 4.08s[0m
[0m2021.10.20 11:58:33 ERROR sbt command failed: C:\Users\mateu\.jabba\jdk\adopt@1.11.0-11\bin\java -Djline.terminal=jline.UnsupportedTerminal -Dsbt.log.noformat=true -Dfile.encoding=UTF-8 -jar C:\Users\mateu\AppData\Local\Temp\metals12379058763098425008\sbt-launch.jar -Dbloop.export-jar-classifiers=sources bloopInstall[0m
[0m2021.10.20 11:58:34 INFO  [info] loading global plugins from C:\Users\mateu\.sbt\1.0\plugins[0m
[0m2021.10.20 11:58:38 INFO  [info] loading settings for project lab0_1-build-build from metals.sbt ...[0m
[0m2021.10.20 11:58:38 INFO  [info] loading project definition from D:\Studia\Magisterskie\II semestr\Big Data Algorithms\Laboratorium\Lab0_1\project\project[0m
[0m2021.10.20 11:58:48 INFO  [info] loading settings for project lab0_1-build from metals.sbt ...[0m
[0m2021.10.20 11:58:48 INFO  [info] loading project definition from D:\Studia\Magisterskie\II semestr\Big Data Algorithms\Laboratorium\Lab0_1\project[0m
[0m2021.10.20 11:58:59 INFO  [success] Generated .bloop\lab0_1-build.json[0m
[0m2021.10.20 11:58:59 INFO  [success] Total time: 11 s, completed 20 pa≈∫ 2021, 11:58:59[0m
[0m2021.10.20 11:59:00 INFO  [info] loading settings for project lab0_1 from build.sbt ...[0m
[0m2021.10.20 11:59:00 INFO  [info] set current project to Lab0_1 (in build file:/D:/Studia/Magisterskie/II%20semestr/Big%20Data%20Algorithms/Laboratorium/Lab0_1/)[0m
[0m2021.10.20 11:59:00 INFO  [success] Generated .bloop\lab0_1-test.json[0m
[0m2021.10.20 11:59:00 INFO  [success] Generated .bloop\lab0_1.json[0m
[0m2021.10.20 11:59:00 INFO  [success] Total time: 0 s, completed 20 pa≈∫ 2021, 11:59:00[0m
[0m2021.10.20 11:59:00 INFO  time: ran 'sbt bloopInstall' in 32s[0m
[0m2021.10.20 11:59:00 INFO  Attempting to connect to the build server...[0m
Starting the bsp launcher for bloop...
Opening a bsp server connection with 'bsp --protocol tcp --port 32602'...
Waiting for the bsp connection to come up...
Waiting for the bsp connection to come up...
Waiting for the bsp connection to come up...
Waiting for the bsp connection to come up...
Waiting for the bsp connection to come up...
Waiting for the bsp connection to come up...
Waiting for the bsp connection to come up...
Waiting for the bsp connection to come up...
Waiting for the bsp connection to come up...
Waiting for the bsp connection to come up...
Waiting for the bsp connection to come up...
Waiting for the bsp connection to come up...
Waiting for the bsp connection to come up...
Waiting for the bsp connection to come up...
Waiting for the bsp connection to come up...
Waiting for the bsp connection to come up...
Waiting for the bsp connection to come up...
[0m2021.10.20 11:59:26 INFO  shutting down Metals[0m
[0m2021.10.20 11:59:26 ERROR Unexpected error initializing server
org.eclipse.lsp4j.jsonrpc.ResponseErrorException: Request window/showMessageRequest failed with message: Canceled
	at org.eclipse.lsp4j.jsonrpc.RemoteEndpoint.handleResponse(RemoteEndpoint.java:209)
	at org.eclipse.lsp4j.jsonrpc.RemoteEndpoint.consume(RemoteEndpoint.java:193)
	at org.eclipse.lsp4j.jsonrpc.json.StreamMessageProducer.handleMessage(StreamMessageProducer.java:194)
	at org.eclipse.lsp4j.jsonrpc.json.StreamMessageProducer.listen(StreamMessageProducer.java:94)
	at org.eclipse.lsp4j.jsonrpc.json.ConcurrentMessageProcessor.run(ConcurrentMessageProcessor.java:113)
	at java.util.concurrent.Executors$RunnableAdapter.call(Executors.java:515)
	at java.util.concurrent.FutureTask.run(FutureTask.java:264)
	at java.util.concurrent.ThreadPoolExecutor.runWorker(ThreadPoolExecutor.java:1128)
	at java.util.concurrent.ThreadPoolExecutor$Worker.run(ThreadPoolExecutor.java:628)
	at java.lang.Thread.run(Thread.java:829)
[0m
[0m2021.10.20 12:01:34 INFO  Started: Metals version 0.10.7 in workspace 'D:\Studia\Magisterskie\II semestr\Big Data Algorithms\Laboratorium\Lab0_1' for client Visual Studio Code 1.61.1.[0m
[0m2021.10.20 12:01:36 INFO  time: initialize in 1.9s[0m
[0m2021.10.20 12:01:37 INFO  Attempting to connect to the build server...[0m
[0m2021.10.20 12:01:37 WARN  no build target for: D:\Studia\Magisterskie\II semestr\Big Data Algorithms\Laboratorium\Lab0_1\build.sbt[0m
[0m2021.10.20 12:01:37 INFO  skipping build import with status 'Installed'[0m
Starting the bsp launcher for bloop...
Opening a bsp server connection with 'bsp --protocol tcp --port 24865'...
Waiting for the bsp connection to come up...
Waiting for the bsp connection to come up...
Waiting for the bsp connection to come up...
[0m2021.10.20 12:01:41 INFO  no build target: using presentation compiler with only scala-library: 2.12.15[0m
Waiting for the bsp connection to come up...
[0m2021.10.20 12:01:44 INFO  time: code lens generation in 6.4s[0m
Waiting for the bsp connection to come up...
Waiting for the bsp connection to come up...
Waiting for the bsp connection to come up...
[0m2021.10.20 12:01:49 INFO  shutting down Metals[0m
[0m2021.10.20 12:02:12 INFO  Started: Metals version 0.10.7 in workspace 'D:\Studia\Magisterskie\II semestr\Big Data Algorithms\Laboratorium\Lab0_1' for client Visual Studio Code 1.61.2.[0m
[0m2021.10.20 12:02:15 INFO  time: initialize in 2.86s[0m
[0m2021.10.20 12:02:16 INFO  Attempting to connect to the build server...[0m
[0m2021.10.20 12:02:16 WARN  no build target for: D:\Studia\Magisterskie\II semestr\Big Data Algorithms\Laboratorium\Lab0_1\build.sbt[0m
[0m2021.10.20 12:02:16 INFO  skipping build import with status 'Installed'[0m
Starting the bsp launcher for bloop...
Opening a bsp server connection with 'bsp --protocol tcp --port 14669'...
Waiting for the bsp connection to come up...
Waiting for the bsp connection to come up...
Waiting for the bsp connection to come up...
[0m2021.10.20 12:02:23 INFO  no build target: using presentation compiler with only scala-library: 2.12.15[0m
Waiting for the bsp connection to come up...
Waiting for the bsp connection to come up...
[0m2021.10.20 12:02:27 INFO  time: code lens generation in 9.71s[0m
Waiting for the bsp connection to come up...
Waiting for the bsp connection to come up...
Waiting for the bsp connection to come up...
Waiting for the bsp connection to come up...
No server running at 127.0.0.1:8212, let's fire one...
Resolving ch.epfl.scala:bloop-frontend_2.12:1.4.9...
Starting bloop server at 127.0.0.1:8212...
Attempting a connection to the server...
[0m[32m[D][0m Loading 2 projects from 'd:\Studia\Magisterskie\II semestr\Big Data Algorithms\Laboratorium\Lab0_1\.bloop'...
[0m[32m[D][0m Loading project from 'd:\Studia\Magisterskie\II semestr\Big Data Algorithms\Laboratorium\Lab0_1\.bloop\lab0_1.json'
[0m[32m[D][0m Loading project from 'd:\Studia\Magisterskie\II semestr\Big Data Algorithms\Laboratorium\Lab0_1\.bloop\lab0_1-test.json'
[0m[32m[D][0m Cache miss for scala instance org.scala-lang:scala-compiler:2.13.6.
[0m[32m[D][0m   => C:\Users\mateu\AppData\Local\Coursier\Cache\v1\https\repo1.maven.org\maven2\net\java\dev\jna\jna\5.3.1\jna-5.3.1.jar
[0m[32m[D][0m   => C:\Users\mateu\AppData\Local\Coursier\Cache\v1\https\repo1.maven.org\maven2\org\jline\jline\3.19.0\jline-3.19.0.jar
[0m[32m[D][0m   => C:\Users\mateu\AppData\Local\Coursier\Cache\v1\https\repo1.maven.org\maven2\org\scala-lang\scala-compiler\2.13.6\scala-compiler-2.13.6.jar
[0m[32m[D][0m   => C:\Users\mateu\AppData\Local\Coursier\Cache\v1\https\repo1.maven.org\maven2\org\scala-lang\scala-library\2.13.6\scala-library-2.13.6.jar
[0m[32m[D][0m   => C:\Users\mateu\AppData\Local\Coursier\Cache\v1\https\repo1.maven.org\maven2\org\scala-lang\scala-reflect\2.13.6\scala-reflect-2.13.6.jar
[0m[32m[D][0m Missing analysis file for project 'lab0_1'
[0m[32m[D][0m Missing analysis file for project 'lab0_1-test'
[0m[32m[D][0m Waiting for a connection at 127.0.0.1:14669...
The server is listening for incoming connections at tcp://127.0.0.1:14669...
Starting thread that pumps stdin and redirects it to the bsp server...
Starting thread that pumps server stdout and redirects it to the client stdout...
[0m2021.10.20 12:02:33 INFO  tracing is disabled for protocol BSP, to enable tracing of incoming and outgoing JSON messages create an empty file at C:\Users\mateu\AppData\Local\scalameta\metals\cache\bsp.trace.json[0m
[0m2021.10.20 12:02:41 INFO  Attempting to connect to the build server...[0m
Starting the bsp launcher for bloop...
Opening a bsp server connection with 'bsp --protocol tcp --port 34542'...
Waiting for the bsp connection to come up...
[0m[32m[D][0m Loading workspace settings from bloop.settings.json
[0m[32m[D][0m Waiting for a connection at 127.0.0.1:34542...
The server is listening for incoming connections at tcp://127.0.0.1:34542...
Starting thread that pumps stdin and redirects it to the bsp server...
Starting thread that pumps server stdout and redirects it to the client stdout...
[0m2021.10.20 12:02:42 INFO  tracing is disabled for protocol BSP, to enable tracing of incoming and outgoing JSON messages create an empty file at C:\Users\mateu\AppData\Local\scalameta\metals\cache\bsp.trace.json[0m
[0m2021.10.20 12:02:49 INFO  time: Connected to build server in 33s[0m
[0m2021.10.20 12:02:49 INFO  Connected to Build server: Bloop v1.4.9[0m
[0m2021.10.20 12:02:49 INFO  time: Imported build in 0.17s[0m
[0m2021.10.20 12:02:57 INFO  time: indexed workspace in 7.2s[0m
[0m2021.10.20 12:02:59 INFO  no build target: using presentation compiler with only scala-library: 2.13.6[0m
[0m2021.10.20 12:03:21 INFO  time: code lens generation in 21s[0m
[0m2021.10.20 12:05:26 INFO  running 'C:\Users\mateu\.jabba\jdk\adopt@1.11.0-11\bin\java -Djline.terminal=jline.UnsupportedTerminal -Dsbt.log.noformat=true -Dfile.encoding=UTF-8 -jar C:\Users\mateu\AppData\Local\Temp\metals14494877259857564910\sbt-launch.jar -Dbloop.export-jar-classifiers=sources bloopInstall'[0m
[0m2021.10.20 12:05:28 INFO  [info] welcome to sbt 1.5.5 (AdoptOpenJDK Java 11.0.11)[0m
[0m2021.10.20 12:05:30 INFO  [info] loading global plugins from C:\Users\mateu\.sbt\1.0\plugins[0m
[0m2021.10.20 12:05:31 INFO  [info] loading settings for project lab0_1-build-build from metals.sbt ...[0m
[0m2021.10.20 12:05:31 INFO  [info] loading project definition from D:\Studia\Magisterskie\II semestr\Big Data Algorithms\Laboratorium\Lab0_1\project\project[0m
[0m2021.10.20 12:05:31 INFO  [info] loading settings for project lab0_1-build from metals.sbt ...[0m
[0m2021.10.20 12:05:31 INFO  [info] loading project definition from D:\Studia\Magisterskie\II semestr\Big Data Algorithms\Laboratorium\Lab0_1\project[0m
[0m2021.10.20 12:05:37 INFO  [success] Generated .bloop\lab0_1-build.json[0m
[0m2021.10.20 12:05:37 INFO  [success] Total time: 5 s, completed 20 pa≈∫ 2021, 12:05:37[0m
[0m2021.10.20 12:05:37 INFO  [info] loading settings for project lab0_1 from build.sbt ...[0m
[0m2021.10.20 12:05:37 INFO  [info] set current project to Lab0_1 (in build file:/D:/Studia/Magisterskie/II%20semestr/Big%20Data%20Algorithms/Laboratorium/Lab0_1/)[0m
[0m2021.10.20 12:05:37 INFO  [success] Generated .bloop\lab0_1.json[0m
[0m2021.10.20 12:05:37 INFO  [success] Generated .bloop\lab0_1-test.json[0m
[0m2021.10.20 12:05:38 INFO  [success] Total time: 0 s, completed 20 pa≈∫ 2021, 12:05:38[0m
[0m2021.10.20 12:05:38 INFO  time: ran 'sbt bloopInstall' in 12s[0m
[0m2021.10.20 12:05:38 INFO  Disconnecting from Bloop session...[0m
[0m2021.10.20 12:05:38 INFO  Shut down connection with build server.[0m
[0m2021.10.20 12:05:38 INFO  Shut down connection with build server.[0m
No more data in the client stdin, exiting...
No more data in the server stdin, exiting...
No more data in the client stdin, exiting...
No more data in the server stdin, exiting...
[0m2021.10.20 12:05:38 INFO  Attempting to connect to the build server...[0m
Starting the bsp launcher for bloop...
Opening a bsp server connection with 'bsp --protocol tcp --port 33203'...
Waiting for the bsp connection to come up...
[0m[32m[D][0m Loading workspace settings from bloop.settings.json
[0m[32m[D][0m Waiting for a connection at 127.0.0.1:33203...
The server is listening for incoming connections at tcp://127.0.0.1:33203...
Starting thread that pumps stdin and redirects it to the bsp server...
Starting thread that pumps server stdout and redirects it to the client stdout...
[0m2021.10.20 12:05:38 INFO  tracing is disabled for protocol BSP, to enable tracing of incoming and outgoing JSON messages create an empty file at C:\Users\mateu\AppData\Local\scalameta\metals\cache\bsp.trace.json[0m
[0m2021.10.20 12:05:38 INFO  Attempting to connect to the build server...[0m
Starting the bsp launcher for bloop...
Opening a bsp server connection with 'bsp --protocol tcp --port 36908'...
Waiting for the bsp connection to come up...
[0m[32m[D][0m Loading workspace settings from bloop.settings.json
[0m[32m[D][0m Waiting for a connection at 127.0.0.1:36908...
The server is listening for incoming connections at tcp://127.0.0.1:36908...
Starting thread that pumps stdin and redirects it to the bsp server...
Starting thread that pumps server stdout and redirects it to the client stdout...
[0m2021.10.20 12:05:38 INFO  tracing is disabled for protocol BSP, to enable tracing of incoming and outgoing JSON messages create an empty file at C:\Users\mateu\AppData\Local\scalameta\metals\cache\bsp.trace.json[0m
[0m2021.10.20 12:05:39 INFO  time: Connected to build server in 0.99s[0m
[0m2021.10.20 12:05:39 INFO  Connected to Build server: Bloop v1.4.9[0m
[0m2021.10.20 12:05:41 INFO  time: indexed workspace in 2.2s[0m
[0m2021.10.20 12:05:43 INFO  no build target: using presentation compiler with only scala-library: 2.13.6[0m
paü 20, 2021 12:05:57 PM org.eclipse.lsp4j.jsonrpc.RemoteEndpoint handleCancellation
WARNING: Unmatched cancel notification for request id 23
[0m2021.10.20 12:05:57 INFO  compiling lab0_1 (1 scala source)[0m
[0m2021.10.20 12:06:16 INFO  time: compiled lab0_1 in 18s[0m
paü 20, 2021 12:06:17 PM org.eclipse.lsp4j.jsonrpc.services.GenericEndpoint notify
INFO: Unsupported notification method: $/setTrace
paü 20, 2021 12:06:58 PM org.eclipse.lsp4j.jsonrpc.services.GenericEndpoint notify
INFO: Unsupported notification method: $/setTrace
paü 20, 2021 12:07:00 PM org.eclipse.lsp4j.jsonrpc.RemoteEndpoint fallbackResponseError
SEVERE: Internal error: java.lang.ClassNotFoundException: ???
java.util.concurrent.CompletionException: java.lang.ClassNotFoundException: ???
	at java.base/java.util.concurrent.CompletableFuture.encodeThrowable(CompletableFuture.java:331)
	at java.base/java.util.concurrent.CompletableFuture.completeThrowable(CompletableFuture.java:346)
	at java.base/java.util.concurrent.CompletableFuture$UniAccept.tryFire(CompletableFuture.java:704)
	at java.base/java.util.concurrent.CompletableFuture.postComplete(CompletableFuture.java:506)
	at java.base/java.util.concurrent.CompletableFuture.completeExceptionally(CompletableFuture.java:2088)
	at scala.concurrent.java8.FuturesConvertersImpl$CF.apply(FutureConvertersImpl.scala:29)
	at scala.concurrent.java8.FuturesConvertersImpl$CF.apply(FutureConvertersImpl.scala:26)
	at scala.concurrent.impl.CallbackRunnable.run(Promise.scala:64)
	at scala.concurrent.BatchingExecutor$Batch.processBatch$1(BatchingExecutor.scala:67)
	at scala.concurrent.BatchingExecutor$Batch.$anonfun$run$1(BatchingExecutor.scala:82)
	at scala.runtime.java8.JFunction0$mcV$sp.apply(JFunction0$mcV$sp.java:23)
	at scala.concurrent.BlockContext$.withBlockContext(BlockContext.scala:85)
	at scala.concurrent.BatchingExecutor$Batch.run(BatchingExecutor.scala:59)
	at scala.concurrent.Future$InternalCallbackExecutor$.unbatchedExecute(Future.scala:875)
	at scala.concurrent.BatchingExecutor.execute(BatchingExecutor.scala:110)
	at scala.concurrent.BatchingExecutor.execute$(BatchingExecutor.scala:107)
	at scala.concurrent.Future$InternalCallbackExecutor$.execute(Future.scala:873)
	at scala.concurrent.impl.CallbackRunnable.executeWithValue(Promise.scala:72)
	at scala.concurrent.impl.Promise$DefaultPromise.$anonfun$tryComplete$1(Promise.scala:288)
	at scala.concurrent.impl.Promise$DefaultPromise.$anonfun$tryComplete$1$adapted(Promise.scala:288)
	at scala.concurrent.impl.Promise$DefaultPromise.tryComplete(Promise.scala:288)
	at scala.concurrent.Promise.complete(Promise.scala:53)
	at scala.concurrent.Promise.complete$(Promise.scala:52)
	at scala.concurrent.impl.Promise$DefaultPromise.complete(Promise.scala:187)
	at scala.concurrent.impl.Promise.$anonfun$transformWith$1(Promise.scala:42)
	at scala.concurrent.impl.CallbackRunnable.run(Promise.scala:64)
	at java.base/java.util.concurrent.ThreadPoolExecutor.runWorker(ThreadPoolExecutor.java:1128)
	at java.base/java.util.concurrent.ThreadPoolExecutor$Worker.run(ThreadPoolExecutor.java:628)
	at java.base/java.lang.Thread.run(Thread.java:829)
Caused by: java.lang.ClassNotFoundException: ???
	at scala.meta.internal.metals.debug.BuildTargetClassesFinder.$anonfun$findClassAndBuildTarget$1(BuildTargetClassesFinder.scala:107)
	at scala.Option.fold(Option.scala:251)
	at scala.meta.internal.metals.debug.BuildTargetClassesFinder.findClassAndBuildTarget(BuildTargetClassesFinder.scala:108)
	at scala.meta.internal.metals.debug.BuildTargetClassesFinder.findMainClassAndItsBuildTarget(BuildTargetClassesFinder.scala:36)
	at scala.meta.internal.metals.debug.DebugProvider.$anonfun$resolveMainClassParams$1(DebugProvider.scala:328)
	at scala.meta.internal.metals.debug.DebugProvider$$anonfun$withRebuildRetry$1.$anonfun$applyOrElse$5(DebugProvider.scala:560)
	at scala.concurrent.Future.$anonfun$flatMap$1(Future.scala:307)
	at scala.concurrent.impl.Promise.$anonfun$transformWith$1(Promise.scala:41)
	... 4 more

paü 20, 2021 12:07:27 PM org.eclipse.lsp4j.jsonrpc.services.GenericEndpoint notify
INFO: Unsupported notification method: $/setTrace
paü 20, 2021 12:07:35 PM org.eclipse.lsp4j.jsonrpc.services.GenericEndpoint notify
INFO: Unsupported notification method: $/setTrace
paü 20, 2021 12:07:51 PM org.eclipse.lsp4j.jsonrpc.services.GenericEndpoint notify
INFO: Unsupported notification method: $/setTrace
paü 20, 2021 12:08:03 PM org.eclipse.lsp4j.jsonrpc.services.GenericEndpoint notify
INFO: Unsupported notification method: $/setTrace
paü 20, 2021 12:08:46 PM org.eclipse.lsp4j.jsonrpc.services.GenericEndpoint notify
INFO: Unsupported notification method: $/setTrace
[0m2021.10.20 12:08:50 INFO  tracing is disabled for protocol dap-server, to enable tracing of incoming and outgoing JSON messages create an empty file at C:\Users\mateu\AppData\Local\scalameta\metals\cache\dap-server.trace.json[0m
[0m2021.10.20 12:08:50 INFO  tracing is disabled for protocol dap-client, to enable tracing of incoming and outgoing JSON messages create an empty file at C:\Users\mateu\AppData\Local\scalameta\metals\cache\dap-client.trace.json[0m
[0m2021.10.20 12:08:50 INFO  Starting debug proxy for [Ex1][0m
[0m2021.10.20 12:08:50 INFO  Trying to attach to remote debuggee VM 127.0.0.1:53853 .[0m
[0m2021.10.20 12:08:50 INFO  Attaching to debuggee VM succeeded.[0m
[0m2021.10.20 12:08:50 INFO  Canceling debug proxy for [Ex1][0m
[0m2021.10.20 12:08:50 INFO  Closing debug server tcp://0.0.0.0:53850[0m
[0m2021.10.20 12:10:35 INFO  shutting down Metals[0m
[0m2021.10.20 12:10:35 INFO  Shut down connection with build server.[0m
No more data in the client stdin, exiting...
No more data in the server stdin, exiting...
[0m2021.10.20 12:10:35 INFO  Shut down connection with build server.[0m
No more data in the client stdin, exiting...
No more data in the server stdin, exiting...
